Determining if the pthread_create exist failed with the following output:
Change Dir: /home/cs18/Desktop/HW8/build/CMakeFiles/CMakeTmp

Run Build Command:"/usr/bin/make" "cmTC_139aa/fast"
/usr/bin/make -f CMakeFiles/cmTC_139aa.dir/build.make CMakeFiles/cmTC_139aa.dir/build
make[1]: Entering directory '/home/cs18/Desktop/HW8/build/CMakeFiles/CMakeTmp'
Building C object CMakeFiles/cmTC_139aa.dir/CheckSymbolExists.c.o
/usr/bin/cc    -o CMakeFiles/cmTC_139aa.dir/CheckSymbolExists.c.o   -c /home/cs18/Desktop/HW8/build/CMakeFiles/CMakeTmp/CheckSymbolExists.c
Linking C executable cmTC_139aa
/usr/bin/cmake -E cmake_link_script CMakeFiles/cmTC_139aa.dir/link.txt --verbose=1
/usr/bin/cc      -rdynamic CMakeFiles/cmTC_139aa.dir/CheckSymbolExists.c.o  -o cmTC_139aa 
CMakeFiles/cmTC_139aa.dir/CheckSymbolExists.c.o: In function `main':
CheckSymbolExists.c:(.text+0x1b): undefined reference to `pthread_create'
collect2: error: ld returned 1 exit status
CMakeFiles/cmTC_139aa.dir/build.make:97: recipe for target 'cmTC_139aa' failed
make[1]: *** [cmTC_139aa] Error 1
make[1]: Leaving directory '/home/cs18/Desktop/HW8/build/CMakeFiles/CMakeTmp'
Makefile:126: recipe for target 'cmTC_139aa/fast' failed
make: *** [cmTC_139aa/fast] Error 2

File /home/cs18/Desktop/HW8/build/CMakeFiles/CMakeTmp/CheckSymbolExists.c:
/* */
#include <pthread.h>

int main(int argc, char** argv)
{
  (void)argv;
#ifndef pthread_create
  return ((int*)(&pthread_create))[argc];
#else
  (void)argc;
  return 0;
#endif
}

Determining if the function pthread_create exists in the pthreads failed with the following output:
Change Dir: /home/cs18/Desktop/HW8/build/CMakeFiles/CMakeTmp

Run Build Command:"/usr/bin/make" "cmTC_bb194/fast"
/usr/bin/make -f CMakeFiles/cmTC_bb194.dir/build.make CMakeFiles/cmTC_bb194.dir/build
make[1]: Entering directory '/home/cs18/Desktop/HW8/build/CMakeFiles/CMakeTmp'
Building C object CMakeFiles/cmTC_bb194.dir/CheckFunctionExists.c.o
/usr/bin/cc   -DCHECK_FUNCTION_EXISTS=pthread_create   -o CMakeFiles/cmTC_bb194.dir/CheckFunctionExists.c.o   -c /usr/share/cmake-3.10/Modules/CheckFunctionExists.c
Linking C executable cmTC_bb194
/usr/bin/cmake -E cmake_link_script CMakeFiles/cmTC_bb194.dir/link.txt --verbose=1
/usr/bin/cc  -DCHECK_FUNCTION_EXISTS=pthread_create    -rdynamic CMakeFiles/cmTC_bb194.dir/CheckFunctionExists.c.o  -o cmTC_bb194 -lpthreads 
/usr/bin/ld: cannot find -lpthreads
collect2: error: ld returned 1 exit status
CMakeFiles/cmTC_bb194.dir/build.make:97: recipe for target 'cmTC_bb194' failed
make[1]: *** [cmTC_bb194] Error 1
make[1]: Leaving directory '/home/cs18/Desktop/HW8/build/CMakeFiles/CMakeTmp'
Makefile:126: recipe for target 'cmTC_bb194/fast' failed
make: *** [cmTC_bb194/fast] Error 2


Determining if the function glXGetProcAddressEXT exists failed with the following output:
Change Dir: /home/cs18/Desktop/HW8/build/CMakeFiles/CMakeTmp

Run Build Command:"/usr/bin/make" "cmTC_033ed/fast"
/usr/bin/make -f CMakeFiles/cmTC_033ed.dir/build.make CMakeFiles/cmTC_033ed.dir/build
make[1]: Entering directory '/home/cs18/Desktop/HW8/build/CMakeFiles/CMakeTmp'
Building C object CMakeFiles/cmTC_033ed.dir/CheckFunctionExists.c.o
/usr/bin/cc   -DCHECK_FUNCTION_EXISTS=glXGetProcAddressEXT   -o CMakeFiles/cmTC_033ed.dir/CheckFunctionExists.c.o   -c /usr/share/cmake-3.10/Modules/CheckFunctionExists.c
Linking C executable cmTC_033ed
/usr/bin/cmake -E cmake_link_script CMakeFiles/cmTC_033ed.dir/link.txt --verbose=1
/usr/bin/cc  -DCHECK_FUNCTION_EXISTS=glXGetProcAddressEXT    -rdynamic CMakeFiles/cmTC_033ed.dir/CheckFunctionExists.c.o  -o cmTC_033ed /usr/lib/x86_64-linux-gnu/libGL.so 
CMakeFiles/cmTC_033ed.dir/CheckFunctionExists.c.o: In function `main':
CheckFunctionExists.c:(.text+0x10): undefined reference to `glXGetProcAddressEXT'
collect2: error: ld returned 1 exit status
CMakeFiles/cmTC_033ed.dir/build.make:98: recipe for target 'cmTC_033ed' failed
make[1]: *** [cmTC_033ed] Error 1
make[1]: Leaving directory '/home/cs18/Desktop/HW8/build/CMakeFiles/CMakeTmp'
Makefile:126: recipe for target 'cmTC_033ed/fast' failed
make: *** [cmTC_033ed/fast] Error 2


